2024-02-20 17:45:32.594  INFO 41172 --- [restartedMain] cn.zwz.ZwzApplication                    : Starting ZwzApplication using Java 1.8.0_191 on LAPTOP-9VPIADGN with PID 41172 (D:\Capstone Project\back\target\classes started by 华为 in D:\Capstone Project\back)
2024-02-20 17:45:32.604  INFO 41172 --- [restartedMain] cn.zwz.ZwzApplication                    : No active profile set, falling back to default profiles: default
2024-02-20 17:45:32.714  INFO 41172 --- [restartedMain] .e.DevToolsPropertyDefaultsPostProcessor : Devtools property defaults active! Set 'spring.devtools.add-properties' to 'false' to disable
2024-02-20 17:45:32.715  INFO 41172 --- [restartedMain] .e.DevToolsPropertyDefaultsPostProcessor : For additional web related logging consider setting the 'logging.level.web' property to 'DEBUG'
2024-02-20 17:45:34.540  INFO 41172 --- [restartedMain] .s.d.r.c.RepositoryConfigurationDelegate : Multiple Spring Data modules found, entering strict repository configuration mode!
2024-02-20 17:45:34.540  INFO 41172 --- [restartedMain] .s.d.r.c.RepositoryConfigurationDelegate : Bootstrapping Spring Data JPA repositories in DEFAULT mode.
2024-02-20 17:45:34.665  INFO 41172 --- [restartedMain] .s.d.r.c.RepositoryConfigurationDelegate : Finished Spring Data repository scanning in 116 ms. Found 1 JPA repository interfaces.
2024-02-20 17:45:34.677  INFO 41172 --- [restartedMain] .s.d.r.c.RepositoryConfigurationDelegate : Multiple Spring Data modules found, entering strict repository configuration mode!
2024-02-20 17:45:34.678  INFO 41172 --- [restartedMain] .s.d.r.c.RepositoryConfigurationDelegate : Bootstrapping Spring Data Redis repositories in DEFAULT mode.
2024-02-20 17:45:34.715  INFO 41172 --- [restartedMain] .RepositoryConfigurationExtensionSupport : Spring Data Redis - Could not safely identify store assignment for repository candidate interface cn.zwz.data.dao.LogDao. If you want this repository to be a Redis repository, consider annotating your entities with one of these annotations: org.springframework.data.redis.core.RedisHash (preferred), or consider extending one of the following types with your repository: org.springframework.data.keyvalue.repository.KeyValueRepository.
2024-02-20 17:45:34.715  INFO 41172 --- [restartedMain] .s.d.r.c.RepositoryConfigurationDelegate : Finished Spring Data repository scanning in 25 ms. Found 0 Redis repository interfaces.
2024-02-20 17:45:35.380  INFO 41172 --- [restartedMain] faultConfiguringBeanFactoryPostProcessor : No bean named 'errorChannel' has been explicitly defined. Therefore, a default PublishSubscribeChannel will be created.
2024-02-20 17:45:35.397  INFO 41172 --- [restartedMain] faultConfiguringBeanFactoryPostProcessor : No bean named 'integrationHeaderChannelRegistry' has been explicitly defined. Therefore, a default DefaultHeaderChannelRegistry will be created.
2024-02-20 17:45:35.740  INFO 41172 --- [restartedMain] trationDelegate$BeanPostProcessorChecker : Bean 'redisExceptionThrowsConfig' of type [cn.zwz.basics.redis.RedisExceptionThrowsConfig$$EnhancerBySpringCGLIB$$ce19c9aa] is not eligible for getting processed by all BeanPostProcessors (for example: not eligible for auto-proxying)
2024-02-20 17:45:35.822  INFO 41172 --- [restartedMain] trationDelegate$BeanPostProcessorChecker : Bean 'org.springframework.integration.config.IntegrationManagementConfiguration' of type [org.springframework.integration.config.IntegrationManagementConfiguration] is not eligible for getting processed by all BeanPostProcessors (for example: not eligible for auto-proxying)
2024-02-20 17:45:35.838  INFO 41172 --- [restartedMain] trationDelegate$BeanPostProcessorChecker : Bean 'integrationChannelResolver' of type [org.springframework.integration.support.channel.BeanFactoryChannelResolver] is not eligible for getting processed by all BeanPostProcessors (for example: not eligible for auto-proxying)
2024-02-20 17:45:35.841  INFO 41172 --- [restartedMain] trationDelegate$BeanPostProcessorChecker : Bean 'integrationDisposableAutoCreatedBeans' of type [org.springframework.integration.config.annotation.Disposables] is not eligible for getting processed by all BeanPostProcessors (for example: not eligible for auto-proxying)
2024-02-20 17:45:36.572  INFO 41172 --- [restartedMain] o.s.b.w.embedded.tomcat.TomcatWebServer  : Tomcat initialized with port(s): 8081 (http)
2024-02-20 17:45:36.582  INFO 41172 --- [restartedMain] o.apache.catalina.core.StandardService   : Starting service [Tomcat]
2024-02-20 17:45:36.583  INFO 41172 --- [restartedMain] org.apache.catalina.core.StandardEngine  : Starting Servlet engine: [Apache Tomcat/9.0.52]
2024-02-20 17:45:36.693  INFO 41172 --- [restartedMain] o.a.c.c.C.[Tomcat].[localhost].[/]       : Initializing Spring embedded WebApplicationContext
2024-02-20 17:45:36.693  INFO 41172 --- [restartedMain] w.s.c.ServletWebServerApplicationContext : Root WebApplicationContext: initialization completed in 3977 ms
2024-02-20 17:45:37.024  INFO 41172 --- [restartedMain] org.redisson.Version                     : Redisson 3.21.3
2024-02-20 17:45:38.193  INFO 41172 --- [redisson-netty-2-5] o.r.c.pool.MasterPubSubConnectionPool    : 1 connections initialized for localhost/127.0.0.1:6379
2024-02-20 17:45:38.261  INFO 41172 --- [redisson-netty-2-20] o.r.c.pool.MasterConnectionPool          : 24 connections initialized for localhost/127.0.0.1:6379
2024-02-20 17:45:38.459  INFO 41172 --- [restartedMain] c.z.basics.baseClass.BeansConfiguration  : 初始化PathMatcher成功
2024-02-20 17:45:38.594  WARN 41172 --- [restartedMain] JpaBaseConfiguration$JpaWebConfiguration : spring.jpa.open-in-view is enabled by default. Therefore, database queries may be performed during view rendering. Explicitly configure spring.jpa.open-in-view to disable this warning
2024-02-20 17:45:38.607  INFO 41172 --- [restartedMain] c.a.d.s.b.a.DruidDataSourceAutoConfigure : Init DruidDataSource
2024-02-20 17:45:38.839  INFO 41172 --- [restartedMain] com.alibaba.druid.pool.DruidDataSource   : {dataSource-1} inited
2024-02-20 17:45:39.095  INFO 41172 --- [restartedMain] o.hibernate.jpa.internal.util.LogHelper  : HHH000204: Processing PersistenceUnitInfo [name: default]
2024-02-20 17:45:39.187  INFO 41172 --- [restartedMain] org.hibernate.Version                    : HHH000412: Hibernate ORM core version 5.4.32.Final
2024-02-20 17:45:39.426  INFO 41172 --- [restartedMain] o.hibernate.annotations.common.Version   : HCANN000001: Hibernate Commons Annotations {5.1.2.Final}
2024-02-20 17:45:39.740  INFO 41172 --- [restartedMain] org.hibernate.dialect.Dialect            : HHH000400: Using dialect: org.hibernate.dialect.MySQL57Dialect
2024-02-20 17:45:41.416  INFO 41172 --- [restartedMain] o.h.e.t.j.p.i.JtaPlatformInitiator       : HHH000490: Using JtaPlatform implementation: [org.hibernate.engine.transaction.jta.platform.internal.NoJtaPlatform]
2024-02-20 17:45:41.425  INFO 41172 --- [restartedMain] j.LocalContainerEntityManagerFactoryBean : Initialized JPA EntityManagerFactory for persistence unit 'default'
2024-02-20 17:45:46.088  INFO 41172 --- [restartedMain] c.z.basics.baseClass.BeansConfiguration  : 初始化线程池成功
2024-02-20 17:45:47.077  INFO 41172 --- [restartedMain] o.s.b.a.e.web.EndpointLinksResolver      : Exposing 1 endpoint(s) beneath base path '/actuator'
2024-02-20 17:45:47.116  INFO 41172 --- [restartedMain] o.s.s.web.DefaultSecurityFilterChain     : Will secure any request with [org.springframework.security.web.context.request.async.WebAsyncManagerIntegrationFilter@6c4b2460, org.springframework.security.web.context.SecurityContextPersistenceFilter@25db951b, org.springframework.security.web.header.HeaderWriterFilter@15ddc28e, org.springframework.web.filter.CorsFilter@59e87d14, org.springframework.security.web.authentication.logout.LogoutFilter@79b92542, cn.zwz.basics.security.jwt.JwtTokenOncePerRequestFilter@37a17350, cn.zwz.basics.security.validate.ImageValidateFilter$$EnhancerBySpringCGLIB$$ebcc0609@706f8f1e, org.springframework.security.web.authentication.UsernamePasswordAuthenticationFilter@15b8591a, org.springframework.security.web.savedrequest.RequestCacheAwareFilter@340f3453, org.springframework.security.web.servletapi.SecurityContextHolderAwareRequestFilter@42de0ab3, org.springframework.security.web.authentication.AnonymousAuthenticationFilter@53d9ca3, org.springframework.security.web.session.SessionManagementFilter@5939a735, org.springframework.security.web.access.ExceptionTranslationFilter@55294afd, org.springframework.security.web.access.intercept.FilterSecurityInterceptor@4590e9f3]
2024-02-20 17:45:48.218  INFO 41172 --- [restartedMain] o.s.b.d.a.OptionalLiveReloadServer       : LiveReload server is running on port 35729
2024-02-20 17:45:48.506  INFO 41172 --- [restartedMain] o.s.i.endpoint.EventDrivenConsumer       : Adding {logging-channel-adapter:_org.springframework.integration.errorLogger} as a subscriber to the 'errorChannel' channel
2024-02-20 17:45:48.506  INFO 41172 --- [restartedMain] o.s.i.channel.PublishSubscribeChannel    : Channel 'application.errorChannel' has 1 subscriber(s).
2024-02-20 17:45:48.507  INFO 41172 --- [restartedMain] o.s.i.endpoint.EventDrivenConsumer       : started bean '_org.springframework.integration.errorLogger'
2024-02-20 17:45:48.548  INFO 41172 --- [restartedMain] o.s.b.w.embedded.tomcat.TomcatWebServer  : Tomcat started on port(s): 8081 (http) with context path ''
2024-02-20 17:45:48.598  INFO 41172 --- [restartedMain] cn.zwz.ZwzApplication                    : Started ZwzApplication in 16.67 seconds (JVM running for 18.518)
2024-02-20 17:45:51.271  INFO 41172 --- [RMI TCP Connection(22)-172.32.149.63] o.a.c.c.C.[Tomcat].[localhost].[/]       : Initializing Spring DispatcherServlet 'dispatcherServlet'
2024-02-20 17:45:51.271  INFO 41172 --- [RMI TCP Connection(22)-172.32.149.63] o.s.web.servlet.DispatcherServlet        : Initializing Servlet 'dispatcherServlet'
2024-02-20 17:45:51.276  INFO 41172 --- [RMI TCP Connection(22)-172.32.149.63] o.s.web.servlet.DispatcherServlet        : Completed initialization in 5 ms
2024-02-20 17:53:22.161  INFO 41172 --- [http-nio-8081-exec-1] o.apache.tomcat.util.http.parser.Cookie  : A cookie header was received [1706248107; Idea-2fe18a40=e494284b-8a07-43be-964b-63a4a9e5d1f0; JSESSIONID=64CE1143603C83196DEBA047F541CDDA] that contained an invalid cookie. That cookie will be ignored.
 Note: further occurrences of this error will be logged at DEBUG level.
